Jan 22, 2016 10:09:31 PM org.apache.catalina.core.AprLifecycleListener init
INFO: The APR based Apache Tomcat Native library which allows optimal performance in production environments was not found on the java.library.path: /Users/meredithmargulies/Library/Java/Extensions:/Library/Java/Extensions:/Network/Library/Java/Extensions:/System/Library/Java/Extensions:/usr/lib/java:.
Jan 22, 2016 10:09:33 PM org.apache.coyote.http11.Http11Protocol init
INFO: Initializing Coyote HTTP/1.1 on http-8080
Jan 22, 2016 10:09:33 PM org.apache.catalina.startup.Catalina load
INFO: Initialization processed in 2917 ms
Jan 22, 2016 10:09:33 PM org.apache.catalina.core.StandardService start
INFO: Starting service Catalina
Jan 22, 2016 10:09:33 PM org.apache.catalina.core.StandardEngine start
INFO: Starting Servlet Engine: Apache Tomcat/6.0.44
Jan 22, 2016 10:09:33 PM org.apache.catalina.startup.HostConfig deployDirectory
INFO: Deploying web application directory docs
Jan 22, 2016 10:09:34 PM org.apache.catalina.startup.HostConfig deployDirectory
INFO: Deploying web application directory examples
Jan 22, 2016 10:09:34 PM org.apache.catalina.startup.HostConfig deployDirectory
INFO: Deploying web application directory host-manager
Jan 22, 2016 10:09:34 PM org.apache.catalina.startup.HostConfig deployDirectory
INFO: Deploying web application directory manager
Jan 22, 2016 10:09:34 PM org.apache.catalina.startup.HostConfig deployDirectory
INFO: Deploying web application directory ROOT
Jan 22, 2016 10:09:34 PM org.apache.catalina.startup.HostConfig deployDirectory
INFO: Deploying web application directory twilio
Jan 22, 2016 10:09:34 PM org.apache.coyote.http11.Http11Protocol start
INFO: Starting Coyote HTTP/1.1 on http-8080
Jan 22, 2016 10:09:34 PM org.apache.jk.common.ChannelSocket init
INFO: JK: ajp13 listening on /0.0.0.0:8009
Jan 22, 2016 10:09:34 PM org.apache.jk.server.JkMain start
INFO: Jk running ID=0 time=0/29  config=null
Jan 22, 2016 10:09:34 PM org.apache.catalina.startup.Catalina start
INFO: Server startup in 1092 ms
